<?xml version="1.0" encoding="UTF-8"?>
<coverage generated="1589207079016" clover="3.2.0">
  <project timestamp="1589207079016" name="All files">
    <metrics statements="51" coveredstatements="51" conditionals="16" coveredconditionals="16" methods="5" coveredmethods="5" elements="72" coveredelements="72" complexity="0" loc="51" ncloc="51" packages="1" files="1" classes="1"/>
    <file name="Q4.js" path="/Users/lun0422/GoodIdeas/j1/Q4/Q4.js">
      <metrics statements="51" coveredstatements="51" conditionals="16" coveredconditionals="16" methods="5" coveredmethods="5"/>
      <line num="5" count="5" type="stmt"/>
      <line num="6" count="5" type="cond" truecount="2" falsecount="0"/>
      <line num="7" count="4" type="stmt"/>
      <line num="14" count="1" type="stmt"/>
      <line num="15" count="1" type="stmt"/>
      <line num="23" count="2" type="stmt"/>
      <line num="24" count="2" type="stmt"/>
      <line num="25" count="2" type="stmt"/>
      <line num="26" count="2" type="stmt"/>
      <line num="27" count="12" type="stmt"/>
      <line num="28" count="12" type="stmt"/>
      <line num="29" count="12" type="stmt"/>
      <line num="30" count="12" type="cond" truecount="2" falsecount="0"/>
      <line num="31" count="2" type="stmt"/>
      <line num="33" count="10" type="stmt"/>
      <line num="36" count="2" type="stmt"/>
      <line num="37" count="2" type="stmt"/>
      <line num="38" count="2" type="stmt"/>
      <line num="42" count="5" type="stmt"/>
      <line num="43" count="5" type="cond" truecount="2" falsecount="0"/>
      <line num="45" count="1" type="stmt"/>
      <line num="47" count="4" type="stmt"/>
      <line num="48" count="4" type="stmt"/>
      <line num="49" count="4" type="cond" truecount="2" falsecount="0"/>
      <line num="50" count="1" type="stmt"/>
      <line num="52" count="3" type="stmt"/>
      <line num="53" count="3" type="cond" truecount="2" falsecount="0"/>
      <line num="54" count="1" type="stmt"/>
      <line num="56" count="2" type="stmt"/>
      <line num="57" count="2" type="cond" truecount="2" falsecount="0"/>
      <line num="58" count="1" type="stmt"/>
      <line num="60" count="1" type="stmt"/>
      <line num="65" count="16" type="stmt"/>
      <line num="66" count="16" type="stmt"/>
      <line num="67" count="16" type="stmt"/>
      <line num="68" count="176" type="cond" truecount="2" falsecount="0"/>
      <line num="69" count="80" type="stmt"/>
      <line num="71" count="96" type="stmt"/>
      <line num="73" count="16" type="stmt"/>
      <line num="74" count="96" type="stmt"/>
      <line num="76" count="16" type="stmt"/>
      <line num="84" count="26" type="stmt"/>
      <line num="85" count="26" type="stmt"/>
      <line num="86" count="26" type="stmt"/>
      <line num="87" count="260" type="cond" truecount="2" falsecount="0"/>
      <line num="88" count="130" type="stmt"/>
      <line num="90" count="130" type="stmt"/>
      <line num="92" count="26" type="stmt"/>
      <line num="93" count="130" type="stmt"/>
      <line num="95" count="26" type="stmt"/>
      <line num="101" count="1" type="stmt"/>
    </file>
  </project>
</coverage>
