{"/Users/lun0422/GoodIdeas/j1/Q1/Q1.js": {"path":"/Users/lun0422/GoodIdeas/j1/Q1/Q1.js","statementMap":{"0":{"start":{"line":2,"column":26},"end":{"line":2,"column":42}},"1":{"start":{"line":3,"column":4},"end":{"line":5,"column":5}},"2":{"start":{"line":4,"column":8},"end":{"line":4,"column":34}},"3":{"start":{"line":6,"column":21},"end":{"line":6,"column":37}},"4":{"start":{"line":7,"column":23},"end":{"line":7,"column":35}},"5":{"start":{"line":8,"column":4},"end":{"line":10,"column":5}},"6":{"start":{"line":9,"column":8},"end":{"line":9,"column":34}},"7":{"start":{"line":11,"column":20},"end":{"line":11,"column":49}},"8":{"start":{"line":12,"column":4},"end":{"line":14,"column":5}},"9":{"start":{"line":13,"column":8},"end":{"line":13,"column":34}},"10":{"start":{"line":15,"column":21},"end":{"line":15,"column":43}},"11":{"start":{"line":16,"column":4},"end":{"line":18,"column":5}},"12":{"start":{"line":17,"column":8},"end":{"line":17,"column":34}},"13":{"start":{"line":19,"column":4},"end":{"line":19,"column":65}},"14":{"start":{"line":23,"column":4},"end":{"line":31,"column":5}},"15":{"start":{"line":26,"column":8},"end":{"line":26,"column":23}},"16":{"start":{"line":30,"column":8},"end":{"line":30,"column":22}},"17":{"start":{"line":34,"column":0},"end":{"line":34,"column":51}}},"fnMap":{"0":{"name":"confirmFormat","decl":{"start":{"line":1,"column":9},"end":{"line":1,"column":22}},"loc":{"start":{"line":1,"column":33},"end":{"line":20,"column":1}},"line":1},"1":{"name":"isPlayingMovie","decl":{"start":{"line":22,"column":9},"end":{"line":22,"column":23}},"loc":{"start":{"line":22,"column":34},"end":{"line":32,"column":1}},"line":22}},"branchMap":{"0":{"loc":{"start":{"line":3,"column":4},"end":{"line":5,"column":5}},"type":"if","locations":[{"start":{"line":3,"column":4},"end":{"line":5,"column":5}},{"start":{"line":3,"column":4},"end":{"line":5,"column":5}}],"line":3},"1":{"loc":{"start":{"line":8,"column":4},"end":{"line":10,"column":5}},"type":"if","locations":[{"start":{"line":8,"column":4},"end":{"line":10,"column":5}},{"start":{"line":8,"column":4},"end":{"line":10,"column":5}}],"line":8},"2":{"loc":{"start":{"line":12,"column":4},"end":{"line":14,"column":5}},"type":"if","locations":[{"start":{"line":12,"column":4},"end":{"line":14,"column":5}},{"start":{"line":12,"column":4},"end":{"line":14,"column":5}}],"line":12},"3":{"loc":{"start":{"line":16,"column":4},"end":{"line":18,"column":5}},"type":"if","locations":[{"start":{"line":16,"column":4},"end":{"line":18,"column":5}},{"start":{"line":16,"column":4},"end":{"line":18,"column":5}}],"line":16},"4":{"loc":{"start":{"line":19,"column":13},"end":{"line":19,"column":63}},"type":"binary-expr","locations":[{"start":{"line":19,"column":13},"end":{"line":19,"column":23}},{"start":{"line":19,"column":27},"end":{"line":19,"column":34}},{"start":{"line":19,"column":38},"end":{"line":19,"column":46}},{"start":{"line":19,"column":50},"end":{"line":19,"column":63}}],"line":19},"5":{"loc":{"start":{"line":23,"column":4},"end":{"line":31,"column":5}},"type":"if","locations":[{"start":{"line":23,"column":4},"end":{"line":31,"column":5}},{"start":{"line":23,"column":4},"end":{"line":31,"column":5}}],"line":23}},"s":{"0":4,"1":4,"2":3,"3":4,"4":4,"5":4,"6":1,"7":4,"8":4,"9":1,"10":4,"11":4,"12":1,"13":4,"14":2,"15":1,"16":1,"17":1},"f":{"0":4,"1":2},"b":{"0":[3,1],"1":[1,3],"2":[1,3],"3":[1,3],"4":[4,3,2,1],"5":[1,1]},"_coverageSchema":"1a1c01bbd47fc00a2c39e90264f33305004495a9","hash":"3b1ce4167740759aca94906afbe2f9034d2934ba"}
}
