{"/Users/lun0422/GoodIdeas/j1/Q6/Q6.js": {"path":"/Users/lun0422/GoodIdeas/j1/Q6/Q6.js","statementMap":{"0":{"start":{"line":2,"column":13},"end":{"line":6,"column":1}},"1":{"start":{"line":9,"column":14},"end":{"line":9,"column":24}},"2":{"start":{"line":10,"column":4},"end":{"line":13,"column":5}},"3":{"start":{"line":12,"column":8},"end":{"line":12,"column":33}},"4":{"start":{"line":14,"column":4},"end":{"line":14,"column":28}},"5":{"start":{"line":18,"column":18},"end":{"line":18,"column":27}},"6":{"start":{"line":19,"column":28},"end":{"line":19,"column":30}},"7":{"start":{"line":20,"column":23},"end":{"line":20,"column":25}},"8":{"start":{"line":21,"column":4},"end":{"line":25,"column":5}},"9":{"start":{"line":21,"column":17},"end":{"line":21,"column":18}},"10":{"start":{"line":22,"column":8},"end":{"line":24,"column":9}},"11":{"start":{"line":23,"column":12},"end":{"line":23,"column":47}},"12":{"start":{"line":26,"column":4},"end":{"line":30,"column":5}},"13":{"start":{"line":26,"column":17},"end":{"line":26,"column":18}},"14":{"start":{"line":27,"column":8},"end":{"line":29,"column":9}},"15":{"start":{"line":28,"column":12},"end":{"line":28,"column":62}},"16":{"start":{"line":31,"column":4},"end":{"line":35,"column":5}},"17":{"start":{"line":31,"column":17},"end":{"line":31,"column":18}},"18":{"start":{"line":32,"column":8},"end":{"line":34,"column":9}},"19":{"start":{"line":33,"column":12},"end":{"line":33,"column":62}},"20":{"start":{"line":36,"column":4},"end":{"line":36,"column":23}},"21":{"start":{"line":39,"column":0},"end":{"line":39,"column":25}}},"fnMap":{"0":{"name":"confirmFormat","decl":{"start":{"line":8,"column":9},"end":{"line":8,"column":22}},"loc":{"start":{"line":8,"column":33},"end":{"line":15,"column":1}},"line":8},"1":{"name":"searchAlphabets","decl":{"start":{"line":17,"column":9},"end":{"line":17,"column":24}},"loc":{"start":{"line":17,"column":27},"end":{"line":37,"column":1}},"line":17}},"branchMap":{"0":{"loc":{"start":{"line":10,"column":4},"end":{"line":13,"column":5}},"type":"if","locations":[{"start":{"line":10,"column":4},"end":{"line":13,"column":5}},{"start":{"line":10,"column":4},"end":{"line":13,"column":5}}],"line":10},"1":{"loc":{"start":{"line":22,"column":8},"end":{"line":24,"column":9}},"type":"if","locations":[{"start":{"line":22,"column":8},"end":{"line":24,"column":9}},{"start":{"line":22,"column":8},"end":{"line":24,"column":9}}],"line":22},"2":{"loc":{"start":{"line":27,"column":8},"end":{"line":29,"column":9}},"type":"if","locations":[{"start":{"line":27,"column":8},"end":{"line":29,"column":9}},{"start":{"line":27,"column":8},"end":{"line":29,"column":9}}],"line":27},"3":{"loc":{"start":{"line":32,"column":8},"end":{"line":34,"column":9}},"type":"if","locations":[{"start":{"line":32,"column":8},"end":{"line":34,"column":9}},{"start":{"line":32,"column":8},"end":{"line":34,"column":9}}],"line":32}},"s":{"0":1,"1":7,"2":7,"3":3,"4":4,"5":1,"6":1,"7":1,"8":1,"9":1,"10":4,"11":2,"12":1,"13":1,"14":5,"15":3,"16":1,"17":1,"18":6,"19":3,"20":1,"21":1},"f":{"0":7,"1":1},"b":{"0":[3,4],"1":[2,2],"2":[3,2],"3":[3,3]},"_coverageSchema":"1a1c01bbd47fc00a2c39e90264f33305004495a9","hash":"9dea81402e1e76c82665762244e82f3384131063"}
}
