TN:
SF:Q4/Q4.js
FN:3,sumResult
FN:22,equation
FN:41,confirmFormat
FN:63,evenSum
FN:82,oddSum
FNF:5
FNH:5
FNDA:5,sumResult
FNDA:2,equation
FNDA:5,confirmFormat
FNDA:16,evenSum
FNDA:26,oddSum
DA:5,5
DA:6,5
DA:7,4
DA:14,1
DA:15,1
DA:23,2
DA:24,2
DA:25,2
DA:26,2
DA:27,12
DA:28,12
DA:29,12
DA:30,12
DA:31,2
DA:33,10
DA:36,2
DA:37,2
DA:38,2
DA:42,5
DA:43,5
DA:45,1
DA:47,4
DA:48,4
DA:49,4
DA:50,1
DA:52,3
DA:53,3
DA:54,1
DA:56,2
DA:57,2
DA:58,1
DA:60,1
DA:65,16
DA:66,16
DA:67,16
DA:68,176
DA:69,80
DA:71,96
DA:73,16
DA:74,96
DA:76,16
DA:84,26
DA:85,26
DA:86,26
DA:87,260
DA:88,130
DA:90,130
DA:92,26
DA:93,130
DA:95,26
DA:101,1
LF:51
LH:51
BRDA:6,0,0,4
BRDA:6,0,1,1
BRDA:30,1,0,2
BRDA:30,1,1,10
BRDA:43,2,0,1
BRDA:43,2,1,4
BRDA:49,3,0,1
BRDA:49,3,1,3
BRDA:53,4,0,1
BRDA:53,4,1,2
BRDA:57,5,0,1
BRDA:57,5,1,1
BRDA:68,6,0,80
BRDA:68,6,1,96
BRDA:87,7,0,130
BRDA:87,7,1,130
BRF:16
BRH:16
end_of_record
