TN:
SF:Q16/Q16-module.js
FN:1,main
FN:7,caesarCipher
FN:21,confirmFormat
FNF:3
FNH:3
FNDA:9,main
FNDA:3,caesarCipher
FNDA:9,confirmFormat
DA:2,9
DA:3,9
DA:4,3
DA:8,3
DA:9,3
DA:10,15
DA:11,15
DA:12,8
DA:14,15
DA:15,7
DA:18,3
DA:22,9
DA:23,1
DA:25,8
DA:26,2
DA:28,6
DA:29,6
DA:30,3
DA:33,1
LF:19
LH:19
BRDA:11,0,0,8
BRDA:11,0,1,7
BRDA:11,1,0,15
BRDA:11,1,1,15
BRDA:14,2,0,7
BRDA:14,2,1,8
BRDA:14,3,0,15
BRDA:14,3,1,7
BRDA:22,4,0,1
BRDA:22,4,1,8
BRDA:25,5,0,2
BRDA:25,5,1,6
BRDA:29,6,0,3
BRDA:29,6,1,3
BRF:14
BRH:14
end_of_record
